<?xml version="1.0" encoding="UTF-8"?>
<!-- Generated by org.testng.reporters.JUnitReportReporter -->
<testsuite skipped="0" hostname="ARPC" name="maven1.firstp.Tests.BaseTest" tests="1" failures="0" timestamp="23 May 2019 16:38:00 GMT" time="0.006" errors="0">
  <testcase name="f" time="0.006" classname="maven1.firstp.Tests.BaseTest"/>
</testsuite> <!-- maven1.firstp.Tests.BaseTest -->
