<?xml version="1.0" encoding="UTF-8"?>
<!-- Generated by org.testng.reporters.JUnitReportReporter -->
<testsuite skipped="0" hostname="ARPC" name="maven1.firstp.Tests.UITests.UITest1" tests="1" failures="0" timestamp="28 May 2019 18:45:47 GMT" time="5.323" errors="0">
  <testcase name="RegisterUser" time="5.323" classname="maven1.firstp.Tests.UITests.UITest1"/>
</testsuite> <!-- maven1.firstp.Tests.UITests.UITest1 -->
